<?xml version="1.0" encoding="UTF-8"?>
<!-- Generated by org.testng.reporters.JUnitXMLReporter -->
<testsuite hostname="DesaiGroup" ignored="0" name="Default test" tests="6" failures="0" timestamp="31 Aug 2019 21:10:11 GMT" time="48.699" errors="0">
  <testcase name="test1" time="0.009" classname="com.Javapractice.Testngcheck"/>
  <testcase name="test2" time="0.001" classname="com.Javapractice.Testngcheck"/>
  <testcase name="test4" time="0.005" classname="com.Javapractice.Testngcheck"/>
  <testcase name="test5" time="0.003" classname="com.Javapractice.Testngcheck"/>
  <testcase name="testngoperations" time="48.619" classname="com.Javapractice.Testngcheck"/>
  <testcase name="test3" time="0.001" classname="com.Javapractice.Testngcheck"/>
</testsuite> <!-- Default test -->
